Build started 22/03/2018 10:48:48.
     1>Project "C:\Users\Usuário\Documents\GitHub\OpenVibe-to-Arduino-VRPN\ov_to_ard_vrpn_client\vrpn_original\vrpn_original.vcxproj" on node 2 (Build target(s)).
     1>ClCompile:
         C:\Program Files (x86)\Microsoft Visual Studio 12.0\VC\bin\CL.exe /c /I"C:\Users\Usuário\Google Drive\1. Mestrado em Neuroengenharia IIN-ELS\1. Projeto de mestrado\VRPN_protocol\Novo\VRPN" /ZI /nologo /W3 /WX- /sdl /Od /Oy- /D WIN32 /D _DEBUG /D _CONSOLE /D _LIB /D _UNICODE /D UNICODE /Gm /EHsc /RTC1 /MDd /GS /fp:precise /Zc:wchar_t /Zc:forScope /Yc"stdafx.h" /Fp"Win32\Debug\ov_to_ard_vrpn_client\ov_to_ard_vrpn_client.pch" /Fo"Win32\Debug\ov_to_ard_vrpn_client\\" /Fd"Win32\Debug\ov_to_ard_vrpn_client\vc120.pdb" /Gd /TP /analyze- /errorReport:prompt stdafx.cpp
         stdafx.cpp
         C:\Program Files (x86)\Microsoft Visual Studio 12.0\VC\bin\CL.exe /c /I"C:\Users\Usuário\Google Drive\1. Mestrado em Neuroengenharia IIN-ELS\1. Projeto de mestrado\VRPN_protocol\Novo\VRPN" /ZI /nologo /W3 /WX- /sdl /Od /Oy- /D WIN32 /D _DEBUG /D _CONSOLE /D _LIB /D _UNICODE /D UNICODE /Gm /EHsc /RTC1 /MDd /GS /fp:precise /Zc:wchar_t /Zc:forScope /Yu"stdafx.h" /Fp"Win32\Debug\ov_to_ard_vrpn_client\ov_to_ard_vrpn_client.pch" /Fo"Win32\Debug\ov_to_ard_vrpn_client\\" /Fd"Win32\Debug\ov_to_ard_vrpn_client\vc120.pdb" /Gd /TP /analyze- /errorReport:prompt SendToArduino.cpp Serial.cpp myClient.cpp
         myClient.cpp
         Serial.cpp
         SendToArduino.cpp
         Generating Code...
       Link:
         C:\Program Files (x86)\Microsoft Visual Studio 12.0\VC\bin\link.exe /ERRORREPORT:PROMPT /OUT:"C:\Users\Usuário\Documents\GitHub\OpenVibe-to-Arduino-VRPN\ov_to_ard_vrpn_client\Debug\ov_to_ard_vrpn_client.exe" /INCREMENTAL /NOLOGO /LIBPATH:"C:\Users\Usuário\Google Drive\1. Mestrado em Neuroengenharia IIN-ELS\1. Projeto de mestrado\VRPN_protocol\Novo\VRPN\pc_win32\Debug" /LTCG:NOSTATUS vrpn.lib kernel32.lib user32.lib gdi32.lib winspool.lib comdlg32.lib advapi32.lib shell32.lib ole32.lib oleaut32.lib uuid.lib odbc32.lib odbccp32.lib /MANIFEST /MANIFESTUAC:"level='asInvoker' uiAccess='false'" /manifest:embed /DEBUG /PDB:"C:\Users\Usuário\Documents\GitHub\OpenVibe-to-Arduino-VRPN\ov_to_ard_vrpn_client\Debug\ov_to_ard_vrpn_client.pdb" /SUBSYSTEM:CONSOLE /TLBID:1 /DYNAMICBASE /NXCOMPAT /IMPLIB:"C:\Users\Usuário\Documents\GitHub\OpenVibe-to-Arduino-VRPN\ov_to_ard_vrpn_client\Debug\ov_to_ard_vrpn_client.lib" /MACHINE:X86 Win32\Debug\ov_to_ard_vrpn_client\SendToArduino.obj
         Win32\Debug\ov_to_ard_vrpn_client\Serial.obj
         Win32\Debug\ov_to_ard_vrpn_client\stdafx.obj
         Win32\Debug\ov_to_ard_vrpn_client\myClient.obj
     1>LINK : warning LNK4075: ignoring '/INCREMENTAL' due to '/LTCG' specification
     1>SendToArduino.obj : warning LNK4075: ignoring '/EDITANDCONTINUE' due to '/OPT:LBR' specification
     1>LINK : warning LNK4067: ambiguous entry point; selected 'mainCRTStartup'
         LINK : /LTCG specified but no code generation required; remove /LTCG from the link command line to improve linker performance
         vrpn_original.vcxproj -> C:\Users\Usuário\Documents\GitHub\OpenVibe-to-Arduino-VRPN\ov_to_ard_vrpn_client\Debug\ov_to_ard_vrpn_client.exe
     1>Done Building Project "C:\Users\Usuário\Documents\GitHub\OpenVibe-to-Arduino-VRPN\ov_to_ard_vrpn_client\vrpn_original\vrpn_original.vcxproj" (Build target(s)).

Build succeeded.

Time Elapsed 00:00:05.24
