Build started 15/03/2017 16:07:36.
     1>Project "C:\Users\Admin\Documents\Mestrado_IINELS\Arduino\CAMILE\vrpn\vrpndll.vcxproj" on node 3 (Build target(s)).
     1>Link:
         C:\Program Files (x86)\Microsoft Visual Studio 12.0\VC\bin\link.exe /ERRORREPORT:PROMPT /OUT:".\pc_win32/DLL/Debug/vrpndll.dll" /INCREMENTAL /NOLOGO /LIBPATH:"C:\Program Files\Microsoft Platform SDK for Windows Server 2003 R2\Lib" /LIBPATH:C:\sdk\cpp /LIBPATH:"C:\Program Files\boost\boost_1_34_1\lib" kernel32.lib user32.lib gdi32.lib winspool.lib comdlg32.lib advapi32.lib shell32.lib ole32.lib oleaut32.lib uuid.lib odbc32.lib odbccp32.lib /MANIFEST /MANIFESTUAC:"level='asInvoker' uiAccess='false'" /manifest:embed /DEBUG /PDB:".\pc_win32/DLL/Debug/vrpndll.pdb" /TLBID:1 /DYNAMICBASE:NO /IMPLIB:".\pc_win32\DLL\Debug\vrpndll.lib" /MACHINE:X86 /SAFESEH /DLL .\pc_win32/DLL/Debug/vrpn_3DConnexion.obj
         .\pc_win32/DLL/Debug/vrpn_3DMicroscribe.obj
         .\pc_win32/DLL/Debug/vrpn_3Space.obj
         .\pc_win32/DLL/Debug/vrpn_5DT16.obj
         .\pc_win32/DLL/Debug/vrpn_ADBox.obj
         .\pc_win32/DLL/Debug/vrpn_Analog.obj
         .\pc_win32/DLL/Debug/vrpn_Analog_5dt.obj
         .\pc_win32/DLL/Debug/vrpn_Analog_5dtUSB.obj
         .\pc_win32/DLL/Debug/vrpn_Analog_Output.obj
         .\pc_win32/DLL/Debug/vrpn_Analog_Radamec_SPI.obj
         .\pc_win32/DLL/Debug/vrpn_Analog_USDigital_A2.obj
         .\pc_win32/DLL/Debug/vrpn_Auxiliary_Logger.obj
         .\pc_win32/DLL/Debug/vrpn_BaseClass.obj
         .\pc_win32/DLL/Debug/vrpn_Button.obj
         .\pc_win32/DLL/Debug/vrpn_Button_NI_DIO24.obj
         .\pc_win32/DLL/Debug/vrpn_Button_USB.obj
         .\pc_win32/DLL/Debug/vrpn_CerealBox.obj
         .\pc_win32/DLL/Debug/vrpn_Connection.obj
         .\pc_win32/DLL/Debug/vrpn_Dial.obj
         .\pc_win32/DLL/Debug/vrpn_DirectXFFJoystick.obj
         .\pc_win32/DLL/Debug/vrpn_DirectXRumblePad.obj
         .\pc_win32/DLL/Debug/vrpn_DreamCheeky.obj
         .\pc_win32/DLL/Debug/vrpn_Dyna.obj
         .\pc_win32/DLL/Debug/vrpn_Event.obj
         .\pc_win32/DLL/Debug/vrpn_Event_Analog.obj
         .\pc_win32/DLL/Debug/vrpn_Event_Mouse.obj
         .\pc_win32/DLL/Debug/vrpn_FileConnection.obj
         .\pc_win32/DLL/Debug/vrpn_FileController.obj
         .\pc_win32/DLL/Debug/vrpn_Flock.obj
         .\pc_win32/DLL/Debug/vrpn_Flock_Parallel.obj
         .\pc_win32/DLL/Debug/vrpn_ForceDevice.obj
         .\pc_win32/DLL/Debug/vrpn_ForceDeviceServer.obj
         .\pc_win32/DLL/Debug/vrpn_Forwarder.obj
         .\pc_win32/DLL/Debug/vrpn_ForwarderController.obj
         .\pc_win32/DLL/Debug/vrpn_Freespace.obj
         .\pc_win32/DLL/Debug/vrpn_FunctionGenerator.obj
         .\pc_win32/DLL/Debug/vrpn_GlobalHapticsOrb.obj
         .\pc_win32/DLL/Debug/vrpn_HumanInterface.obj
         .\pc_win32/DLL/Debug/vrpn_Imager.obj
         .\pc_win32/DLL/Debug/vrpn_Imager_Stream_Buffer.obj
         .\pc_win32/DLL/Debug/vrpn_ImmersionBox.obj
         .\pc_win32/DLL/Debug/vrpn_inertiamouse.obj
         .\pc_win32/DLL/Debug/vrpn_JoyFly.obj
         .\pc_win32/DLL/Debug/vrpn_Joylin.obj
         .\pc_win32/DLL/Debug/vrpn_Joywin32.obj
         .\pc_win32/DLL/Debug/vrpn_Keyboard.obj
         .\pc_win32/DLL/Debug/vrpn_LamportClock.obj
         .\pc_win32/DLL/Debug/vrpn_Local_HIDAPI.obj
         .\pc_win32/DLL/Debug/vrpn_LUDL.obj
         .\pc_win32/DLL/Debug/vrpn_Magellan.obj
         .\pc_win32/DLL/Debug/vrpn_Mouse.obj
         .\pc_win32/DLL/Debug/vrpn_Mutex.obj
         .\pc_win32/DLL/Debug/vrpn_NationalInstruments.obj
         .\pc_win32/DLL/Debug/vrpn_Nidaq.obj
         .\pc_win32/DLL/Debug/vrpn_nikon_controls.obj
         .\pc_win32/DLL/Debug/vrpn_Poser.obj
         .\pc_win32/DLL/Debug/vrpn_Poser_Analog.obj
         .\pc_win32/DLL/Debug/vrpn_Poser_Tek4662.obj
         .\pc_win32/DLL/Debug/vrpn_raw_sgibox.obj
         .\pc_win32/DLL/Debug/vrpn_RedundantTransmission.obj
         .\pc_win32/DLL/Debug/vrpn_Serial.obj
         .\pc_win32/DLL/Debug/vrpn_sgibox.obj
         .\pc_win32/DLL/Debug/vrpn_Shared.obj
         .\pc_win32/DLL/Debug/vrpn_SharedObject.obj
         .\pc_win32/DLL/Debug/vrpn_Sound.obj
         .\pc_win32/DLL/Debug/vrpn_Spaceball.obj
         .\pc_win32/DLL/Debug/vrpn_Text.obj
         .\pc_win32/DLL/Debug/vrpn_Tng3.obj
         .\pc_win32/DLL/Debug/vrpn_Tracker.obj
         .\pc_win32/DLL/Debug/vrpn_Tracker_3DMouse.obj
         .\pc_win32/DLL/Debug/vrpn_Tracker_AnalogFly.obj
         .\pc_win32/DLL/Debug/vrpn_Tracker_ButtonFly.obj
         .\pc_win32/DLL/Debug/vrpn_Tracker_Crossbow.obj
         .\pc_win32/DLL/Debug/vrpn_Tracker_DTrack.obj
         .\pc_win32/DLL/Debug/vrpn_Tracker_Fastrak.obj
         .\pc_win32/DLL/Debug/vrpn_Tracker_GameTrak.obj
         .\pc_win32/DLL/Debug/vrpn_Tracker_GPS.obj
         .\pc_win32/DLL/Debug/vrpn_Tracker_isense.obj
         .\pc_win32/DLL/Debug/vrpn_Tracker_Isotrak.obj
         .\pc_win32/DLL/Debug/vrpn_Tracker_JsonNet.obj
         .\pc_win32/DLL/Debug/vrpn_Tracker_Liberty.obj
         .\pc_win32/DLL/Debug/vrpn_Tracker_MotionNode.obj
         .\pc_win32/DLL/Debug/vrpn_Tracker_NDI_Polaris.obj
         .\pc_win32/DLL/Debug/vrpn_Tracker_NovintFalcon.obj
         .\pc_win32/DLL/Debug/vrpn_Tracker_PhaseSpace.obj
         .\pc_win32/DLL/Debug/vrpn_Tracker_RazerHydra.obj
         .\pc_win32/DLL/Debug/vrpn_Tracker_SpacePoint.obj
         .\pc_win32/DLL/Debug/vrpn_Tracker_TrivisioColibri.obj
         .\pc_win32/DLL/Debug/vrpn_Tracker_ViewPoint.obj
         .\pc_win32/DLL/Debug/vrpn_Tracker_WiimoteHead.obj
         .\pc_win32/DLL/Debug/vrpn_Tracker_zSight.obj
         .\pc_win32/DLL/Debug/vrpn_UNC_Joystick.obj
         .\pc_win32/DLL/Debug/vrpn_VPJoystick.obj
         .\pc_win32/DLL/Debug/vrpn_Wanda.obj
         .\pc_win32/DLL/Debug/vrpn_WiiMote.obj
         .\pc_win32/DLL/Debug/vrpn_XInputGamepad.obj
         .\pc_win32/DLL/Debug/vrpn_Xkeys.obj
         .\pc_win32/DLL/Debug/vrpn_Zaber.obj
         C:\Users\Admin\Documents\Mestrado_IINELS\Arduino\CAMILE\vrpn\Debug\gpsnmealib.lib
         C:\Users\Admin\Documents\Mestrado_IINELS\Arduino\CAMILE\vrpn\quat\pc_win32\Debug\quat.lib
         C:\Users\Admin\Documents\Mestrado_IINELS\Arduino\CAMILE\vrpn\pc_win32\Debug\vrpn.lib
         vrpndll.vcxproj -> C:\Users\Admin\Documents\Mestrado_IINELS\Arduino\CAMILE\vrpn\.\pc_win32/DLL/Debug\vrpndll.dll
     1>Done Building Project "C:\Users\Admin\Documents\Mestrado_IINELS\Arduino\CAMILE\vrpn\vrpndll.vcxproj" (Build target(s)).

Build succeeded.

Time Elapsed 00:00:01.48
